<?xml version="1.0" encoding="UTF-8"?>
<testng-results ignored="0" total="1" passed="1" failed="0" skipped="0">
  <reporter-output>
  </reporter-output>
  <suite started-at="2024-11-12T16:03:24 IST" name="Default suite" finished-at="2024-11-12T16:03:45 IST" duration-ms="21174">
    <groups>
    </groups>
    <test started-at="2024-11-12T16:03:24 IST" name="Default test" finished-at="2024-11-12T16:03:45 IST" duration-ms="21174">
      <class name="amz.Asetup">
        <test-method is-config="true" signature="setup()[pri:0, instance:amz.Asetup@5032714f]" started-at="2024-11-12T16:03:24 IST" name="setup" finished-at="2024-11-12T16:03:29 IST" duration-ms="5011" status="PASS">
          <reporter-output>
          </reporter-output>
        </test-method> <!-- setup -->
        <test-method signature="Testpage()[pri:1, instance:amz.Asetup@5032714f]" started-at="2024-11-12T16:03:29 IST" name="Testpage" finished-at="2024-11-12T16:03:45 IST" duration-ms="16113" status="PASS">
          <reporter-output>
          </reporter-output>
        </test-method> <!-- Testpage -->
      </class> <!-- amz.Asetup -->
    </test> <!-- Default test -->
  </suite> <!-- Default suite -->
</testng-results>
